2020/09/01-16:31 [main] INFO  com.zero.hjy.WebApplication- Starting WebApplication on ZERO with PID 7136 (W:\hejiayun\CommubityCoud\web\target\classes started by ZERO in W:\hejiayun\CommubityCoud)
2020/09/01-16:31 [main] INFO  com.zero.hjy.WebApplication- No active profile set, falling back to default profiles: default
2020/09/01-16:31 [main] INFO  org.springframework.boot.devtools.env.DevToolsPropertyDefaultsPostProcessor- Devtools property defaults active! Set 'spring.devtools.add-properties' to 'false' to disable
2020/09/01-16:31 [main] INFO  org.springframework.boot.devtools.env.DevToolsPropertyDefaultsPostProcessor- For additional web related logging consider setting the 'logging.level.web' property to 'DEBUG'
2020/09/01-16:31 [main] INFO  org.springframework.boot.web.embedded.tomcat.TomcatWebServer- Tomcat initialized with port(s): 8888 (http)
2020/09/01-16:31 [main] INFO  org.apache.catalina.core.StandardService- Starting service [Tomcat]
2020/09/01-16:31 [main] INFO  org.apache.catalina.core.StandardEngine- Starting Servlet engine: [Apache Tomcat/9.0.37]
2020/09/01-16:31 [main] INFO  org.apache.catalina.core.AprLifecycleListener- An older version [1.2.16] of the Apache Tomcat Native library is installed, while Tomcat recommends a minimum version of [1.2.23]
2020/09/01-16:31 [main] INFO  org.apache.catalina.core.AprLifecycleListener- Loaded Apache Tomcat Native library [1.2.16] using APR version [1.6.3].
2020/09/01-16:31 [main] INFO  org.apache.catalina.core.AprLifecycleListener- APR capabilities: IPv6 [true], sendfile [true], accept filters [false], random [true].
2020/09/01-16:31 [main] INFO  org.apache.catalina.core.AprLifecycleListener- APR/OpenSSL configuration: useAprConnector [false], useOpenSSL [true]
2020/09/01-16:31 [main] INFO  org.apache.catalina.core.AprLifecycleListener- OpenSSL successfully initialized [OpenSSL 1.0.2m  2 Nov 2017]
2020/09/01-16:31 [main] INFO  org.apache.catalina.core.ContainerBase.[Tomcat].[localhost].[/]- Initializing Spring embedded WebApplicationContext
2020/09/01-16:31 [main] INFO  org.springframework.web.context.ContextLoader- Root WebApplicationContext: initialization completed in 7356 ms
2020/09/01-16:31 [main] INFO  org.springframework.scheduling.concurrent.ThreadPoolTaskExecutor- Initializing ExecutorService 'applicationTaskExecutor'
2020/09/01-16:31 [main] INFO  org.springframework.boot.devtools.autoconfigure.OptionalLiveReloadServer- LiveReload server is running on port 35729
2020/09/01-16:31 [main] INFO  org.springframework.boot.web.embedded.tomcat.TomcatWebServer- Tomcat started on port(s): 8888 (http) with context path ''
2020/09/01-16:31 [main] INFO  com.zero.hjy.WebApplication- Started WebApplication in 13.11 seconds (JVM running for 18.539)
2020/09/01-16:32 [File Watcher] WARN  org.mybatis.spring.mapper.ClassPathMapperScanner- No MyBatis mapper was found in '[com.zero.hjy]' package. Please check your configuration.
2020/09/01-16:33 [main] INFO  com.zero.hjy.WebApplication- Starting WebApplication on ZERO with PID 10824 (W:\hejiayun\CommubityCoud\web\target\classes started by ZERO in W:\hejiayun\CommubityCoud)
2020/09/01-16:33 [main] INFO  com.zero.hjy.WebApplication- No active profile set, falling back to default profiles: default
2020/09/01-16:33 [main] INFO  org.springframework.boot.devtools.env.DevToolsPropertyDefaultsPostProcessor- Devtools property defaults active! Set 'spring.devtools.add-properties' to 'false' to disable
2020/09/01-16:33 [main] INFO  org.springframework.boot.devtools.env.DevToolsPropertyDefaultsPostProcessor- For additional web related logging consider setting the 'logging.level.web' property to 'DEBUG'
2020/09/01-16:33 [main] INFO  org.springframework.boot.web.embedded.tomcat.TomcatWebServer- Tomcat initialized with port(s): 8888 (http)
2020/09/01-16:33 [main] INFO  org.apache.catalina.core.StandardService- Starting service [Tomcat]
2020/09/01-16:33 [main] INFO  org.apache.catalina.core.StandardEngine- Starting Servlet engine: [Apache Tomcat/9.0.37]
2020/09/01-16:33 [main] INFO  org.apache.catalina.core.AprLifecycleListener- An older version [1.2.16] of the Apache Tomcat Native library is installed, while Tomcat recommends a minimum version of [1.2.23]
2020/09/01-16:33 [main] INFO  org.apache.catalina.core.AprLifecycleListener- Loaded Apache Tomcat Native library [1.2.16] using APR version [1.6.3].
2020/09/01-16:33 [main] INFO  org.apache.catalina.core.AprLifecycleListener- APR capabilities: IPv6 [true], sendfile [true], accept filters [false], random [true].
2020/09/01-16:33 [main] INFO  org.apache.catalina.core.AprLifecycleListener- APR/OpenSSL configuration: useAprConnector [false], useOpenSSL [true]
2020/09/01-16:33 [main] INFO  org.apache.catalina.core.AprLifecycleListener- OpenSSL successfully initialized [OpenSSL 1.0.2m  2 Nov 2017]
2020/09/01-16:33 [main] INFO  org.apache.catalina.core.ContainerBase.[Tomcat].[localhost].[/]- Initializing Spring embedded WebApplicationContext
2020/09/01-16:33 [main] INFO  org.springframework.web.context.ContextLoader- Root WebApplicationContext: initialization completed in 8372 ms
2020/09/01-16:33 [main] INFO  org.springframework.scheduling.concurrent.ThreadPoolTaskExecutor- Initializing ExecutorService 'applicationTaskExecutor'
2020/09/01-16:33 [main] INFO  org.springframework.boot.devtools.autoconfigure.OptionalLiveReloadServer- LiveReload server is running on port 35729
2020/09/01-16:33 [main] INFO  org.springframework.boot.web.embedded.tomcat.TomcatWebServer- Tomcat started on port(s): 8888 (http) with context path ''
2020/09/01-16:33 [main] INFO  com.zero.hjy.WebApplication- Started WebApplication in 14.765 seconds (JVM running for 20.831)
2020/09/01-16:35 [http-nio-8888-exec-1] INFO  org.apache.catalina.core.ContainerBase.[Tomcat].[localhost].[/]- Initializing Spring DispatcherServlet 'dispatcherServlet'
2020/09/01-16:35 [http-nio-8888-exec-1] INFO  org.springframework.web.servlet.DispatcherServlet- Initializing Servlet 'dispatcherServlet'
2020/09/01-16:35 [http-nio-8888-exec-1] INFO  org.springframework.web.servlet.DispatcherServlet- Completed initialization in 25 ms
2020/09/01-16:35 [http-nio-8888-exec-2] ERROR org.apache.catalina.core.ContainerBase.[Tomcat].[localhost].[/].[dispatcherServlet]- Servlet.service() for servlet [dispatcherServlet] in context with path [] threw exception [Request processing failed; nested exception is org.apache.ibatis.binding.BindingException: Invalid bound statement (not found): com.zero.hjy.dao.AuthorityUserDao.authorityUserList] with root cause
org.apache.ibatis.binding.BindingException: Invalid bound statement (not found): com.zero.hjy.dao.AuthorityUserDao.authorityUserList
	at org.apache.ibatis.binding.MapperMethod$SqlCommand.<init>(MapperMethod.java:235)
	at com.baomidou.mybatisplus.core.override.MybatisMapperMethod.<init>(MybatisMapperMethod.java:50)
	at com.baomidou.mybatisplus.core.override.MybatisMapperProxy.lambda$cachedMapperMethod$0(MybatisMapperProxy.java:101)
	at java.util.concurrent.ConcurrentHashMap.computeIfAbsent(ConcurrentHashMap.java:1660)
	at com.baomidou.mybatisplus.core.override.MybatisMapperProxy.cachedMapperMethod(MybatisMapperProxy.java:100)
	at com.baomidou.mybatisplus.core.override.MybatisMapperProxy.invoke(MybatisMapperProxy.java:95)
	at com.sun.proxy.$Proxy64.authorityUserList(Unknown Source)
	at com.zero.hjy.service.impl.AuthorityUserServiceImpl.authorityUserList(AuthorityUserServiceImpl.java:28)
	at com.zero.hjy.controller.AuthorityUserController.userLogin(AuthorityUserController.java:32)
	at sun.reflect.NativeMethodAccessorImpl.invoke0(Native Method)
	at sun.reflect.NativeMethodAccessorImpl.invoke(NativeMethodAccessorImpl.java:62)
	at sun.reflect.DelegatingMethodAccessorImpl.invoke(DelegatingMethodAccessorImpl.java:43)
	at java.lang.reflect.Method.invoke(Method.java:498)
	at org.springframework.web.method.support.InvocableHandlerMethod.doInvoke(InvocableHandlerMethod.java:190)
	at org.springframework.web.method.support.InvocableHandlerMethod.invokeForRequest(InvocableHandlerMethod.java:138)
	at org.springframework.web.servlet.mvc.method.annotation.ServletInvocableHandlerMethod.invokeAndHandle(ServletInvocableHandlerMethod.java:105)
	at org.springframework.web.servlet.mvc.method.annotation.RequestMappingHandlerAdapter.invokeHandlerMethod(RequestMappingHandlerAdapter.java:892)
	at org.springframework.web.servlet.mvc.method.annotation.RequestMappingHandlerAdapter.handleInternal(RequestMappingHandlerAdapter.java:797)
	at org.springframework.web.servlet.mvc.method.AbstractHandlerMethodAdapter.handle(AbstractHandlerMethodAdapter.java:87)
	at org.springframework.web.servlet.DispatcherServlet.doDispatch(DispatcherServlet.java:1040)
	at org.springframework.web.servlet.DispatcherServlet.doService(DispatcherServlet.java:943)
	at org.springframework.web.servlet.FrameworkServlet.processRequest(FrameworkServlet.java:1006)
	at org.springframework.web.servlet.FrameworkServlet.doPost(FrameworkServlet.java:909)
	at javax.servlet.http.HttpServlet.service(HttpServlet.java:652)
	at org.springframework.web.servlet.FrameworkServlet.service(FrameworkServlet.java:883)
	at javax.servlet.http.HttpServlet.service(HttpServlet.java:733)
	at org.apache.catalina.core.ApplicationFilterChain.internalDoFilter(ApplicationFilterChain.java:231)
	at org.apache.catalina.core.ApplicationFilterChain.doFilter(ApplicationFilterChain.java:166)
	at org.apache.tomcat.websocket.server.WsFilter.doFilter(WsFilter.java:53)
	at org.apache.catalina.core.ApplicationFilterChain.internalDoFilter(ApplicationFilterChain.java:193)
	at org.apache.catalina.core.ApplicationFilterChain.doFilter(ApplicationFilterChain.java:166)
	at org.springframework.web.filter.RequestContextFilter.doFilterInternal(RequestContextFilter.java:100)
	at org.springframework.web.filter.OncePerRequestFilter.doFilter(OncePerRequestFilter.java:119)
	at org.apache.catalina.core.ApplicationFilterChain.internalDoFilter(ApplicationFilterChain.java:193)
	at org.apache.catalina.core.ApplicationFilterChain.doFilter(ApplicationFilterChain.java:166)
	at org.springframework.web.filter.FormContentFilter.doFilterInternal(FormContentFilter.java:93)
	at org.springframework.web.filter.OncePerRequestFilter.doFilter(OncePerRequestFilter.java:119)
	at org.apache.catalina.core.ApplicationFilterChain.internalDoFilter(ApplicationFilterChain.java:193)
	at org.apache.catalina.core.ApplicationFilterChain.doFilter(ApplicationFilterChain.java:166)
	at org.springframework.web.filter.HiddenHttpMethodFilter.doFilterInternal(HiddenHttpMethodFilter.java:94)
	at org.springframework.web.filter.OncePerRequestFilter.doFilter(OncePerRequestFilter.java:119)
	at org.apache.catalina.core.ApplicationFilterChain.internalDoFilter(ApplicationFilterChain.java:193)
	at org.apache.catalina.core.ApplicationFilterChain.doFilter(ApplicationFilterChain.java:166)
	at org.springframework.web.filter.CharacterEncodingFilter.doFilterInternal(CharacterEncodingFilter.java:201)
	at org.springframework.web.filter.OncePerRequestFilter.doFilter(OncePerRequestFilter.java:119)
	at org.apache.catalina.core.ApplicationFilterChain.internalDoFilter(ApplicationFilterChain.java:193)
	at org.apache.catalina.core.ApplicationFilterChain.doFilter(ApplicationFilterChain.java:166)
	at org.apache.catalina.core.StandardWrapperValve.invoke(StandardWrapperValve.java:202)
	at org.apache.catalina.core.StandardContextValve.__invoke(StandardContextValve.java:96)
	at org.apache.catalina.core.StandardContextValve.invoke(StandardContextValve.java:41002)
	at org.apache.catalina.authenticator.AuthenticatorBase.invoke(AuthenticatorBase.java:541)
	at org.apache.catalina.core.StandardHostValve.invoke(StandardHostValve.java:139)
	at org.apache.catalina.valves.ErrorReportValve.invoke(ErrorReportValve.java:92)
	at org.apache.catalina.core.StandardEngineValve.invoke(StandardEngineValve.java:74)
	at org.apache.catalina.connector.CoyoteAdapter.service(CoyoteAdapter.java:343)
	at org.apache.coyote.http11.Http11Processor.service(Http11Processor.java:373)
	at org.apache.coyote.AbstractProcessorLight.process(AbstractProcessorLight.java:65)
	at org.apache.coyote.AbstractProtocol$ConnectionHandler.process(AbstractProtocol.java:868)
	at org.apache.tomcat.util.net.NioEndpoint$SocketProcessor.doRun(NioEndpoint.java:1589)
	at org.apache.tomcat.util.net.SocketProcessorBase.run(SocketProcessorBase.java:49)
	at java.util.concurrent.ThreadPoolExecutor.runWorker(ThreadPoolExecutor.java:1149)
	at java.util.concurrent.ThreadPoolExecutor$Worker.run(ThreadPoolExecutor.java:624)
	at org.apache.tomcat.util.threads.TaskThread$WrappingRunnable.run(TaskThread.java:61)
	at java.lang.Thread.run(Thread.java:748)
2020/09/01-16:36 [main] INFO  com.zero.hjy.WebApplication- Starting WebApplication on ZERO with PID 12028 (W:\hejiayun\CommubityCoud\web\target\classes started by ZERO in W:\hejiayun\CommubityCoud)
2020/09/01-16:36 [main] INFO  com.zero.hjy.WebApplication- No active profile set, falling back to default profiles: default
2020/09/01-16:36 [main] INFO  org.springframework.boot.devtools.env.DevToolsPropertyDefaultsPostProcessor- Devtools property defaults active! Set 'spring.devtools.add-properties' to 'false' to disable
2020/09/01-16:36 [main] INFO  org.springframework.boot.devtools.env.DevToolsPropertyDefaultsPostProcessor- For additional web related logging consider setting the 'logging.level.web' property to 'DEBUG'
2020/09/01-16:36 [main] INFO  org.springframework.boot.web.embedded.tomcat.TomcatWebServer- Tomcat initialized with port(s): 8888 (http)
2020/09/01-16:36 [main] INFO  org.apache.catalina.core.StandardService- Starting service [Tomcat]
2020/09/01-16:36 [main] INFO  org.apache.catalina.core.StandardEngine- Starting Servlet engine: [Apache Tomcat/9.0.37]
2020/09/01-16:36 [main] INFO  org.apache.catalina.core.AprLifecycleListener- An older version [1.2.16] of the Apache Tomcat Native library is installed, while Tomcat recommends a minimum version of [1.2.23]
2020/09/01-16:36 [main] INFO  org.apache.catalina.core.AprLifecycleListener- Loaded Apache Tomcat Native library [1.2.16] using APR version [1.6.3].
2020/09/01-16:36 [main] INFO  org.apache.catalina.core.AprLifecycleListener- APR capabilities: IPv6 [true], sendfile [true], accept filters [false], random [true].
2020/09/01-16:36 [main] INFO  org.apache.catalina.core.AprLifecycleListener- APR/OpenSSL configuration: useAprConnector [false], useOpenSSL [true]
2020/09/01-16:36 [main] INFO  org.apache.catalina.core.AprLifecycleListener- OpenSSL successfully initialized [OpenSSL 1.0.2m  2 Nov 2017]
2020/09/01-16:36 [main] INFO  org.apache.catalina.core.ContainerBase.[Tomcat].[localhost].[/]- Initializing Spring embedded WebApplicationContext
2020/09/01-16:36 [main] INFO  org.springframework.web.context.ContextLoader- Root WebApplicationContext: initialization completed in 7014 ms
2020/09/01-16:36 [main] INFO  org.springframework.scheduling.concurrent.ThreadPoolTaskExecutor- Initializing ExecutorService 'applicationTaskExecutor'
2020/09/01-16:36 [main] INFO  org.springframework.boot.devtools.autoconfigure.OptionalLiveReloadServer- LiveReload server is running on port 35729
2020/09/01-16:36 [main] INFO  org.springframework.boot.web.embedded.tomcat.TomcatWebServer- Tomcat started on port(s): 8888 (http) with context path ''
2020/09/01-16:36 [main] INFO  com.zero.hjy.WebApplication- Started WebApplication in 12.388 seconds (JVM running for 17.517)
2020/09/01-16:36 [http-nio-8888-exec-1] INFO  org.apache.catalina.core.ContainerBase.[Tomcat].[localhost].[/]- Initializing Spring DispatcherServlet 'dispatcherServlet'
2020/09/01-16:36 [http-nio-8888-exec-1] INFO  org.springframework.web.servlet.DispatcherServlet- Initializing Servlet 'dispatcherServlet'
2020/09/01-16:36 [http-nio-8888-exec-1] INFO  org.springframework.web.servlet.DispatcherServlet- Completed initialization in 33 ms
2020/09/01-16:36 [http-nio-8888-exec-1] ERROR org.apache.catalina.core.ContainerBase.[Tomcat].[localhost].[/].[dispatcherServlet]- Servlet.service() for servlet [dispatcherServlet] in context with path [] threw exception [Request processing failed; nested exception is org.apache.ibatis.binding.BindingException: Invalid bound statement (not found): com.zero.hjy.dao.AuthorityUserDao.authorityUserList] with root cause
org.apache.ibatis.binding.BindingException: Invalid bound statement (not found): com.zero.hjy.dao.AuthorityUserDao.authorityUserList
	at org.apache.ibatis.binding.MapperMethod$SqlCommand.<init>(MapperMethod.java:235)
	at com.baomidou.mybatisplus.core.override.MybatisMapperMethod.<init>(MybatisMapperMethod.java:50)
	at com.baomidou.mybatisplus.core.override.MybatisMapperProxy.lambda$cachedMapperMethod$0(MybatisMapperProxy.java:101)
	at java.util.concurrent.ConcurrentHashMap.computeIfAbsent(ConcurrentHashMap.java:1660)
	at com.baomidou.mybatisplus.core.override.MybatisMapperProxy.cachedMapperMethod(MybatisMapperProxy.java:100)
	at com.baomidou.mybatisplus.core.override.MybatisMapperProxy.invoke(MybatisMapperProxy.java:95)
	at com.sun.proxy.$Proxy64.authorityUserList(Unknown Source)
	at com.zero.hjy.service.impl.AuthorityUserServiceImpl.authorityUserList(AuthorityUserServiceImpl.java:28)
	at com.zero.hjy.controller.AuthorityUserController.userLogin(AuthorityUserController.java:32)
	at sun.reflect.NativeMethodAccessorImpl.invoke0(Native Method)
	at sun.reflect.NativeMethodAccessorImpl.invoke(NativeMethodAccessorImpl.java:62)
	at sun.reflect.DelegatingMethodAccessorImpl.invoke(DelegatingMethodAccessorImpl.java:43)
	at java.lang.reflect.Method.invoke(Method.java:498)
	at org.springframework.web.method.support.InvocableHandlerMethod.doInvoke(InvocableHandlerMethod.java:190)
	at org.springframework.web.method.support.InvocableHandlerMethod.invokeForRequest(InvocableHandlerMethod.java:138)
	at org.springframework.web.servlet.mvc.method.annotation.ServletInvocableHandlerMethod.invokeAndHandle(ServletInvocableHandlerMethod.java:105)
	at org.springframework.web.servlet.mvc.method.annotation.RequestMappingHandlerAdapter.invokeHandlerMethod(RequestMappingHandlerAdapter.java:892)
	at org.springframework.web.servlet.mvc.method.annotation.RequestMappingHandlerAdapter.handleInternal(RequestMappingHandlerAdapter.java:797)
	at org.springframework.web.servlet.mvc.method.AbstractHandlerMethodAdapter.handle(AbstractHandlerMethodAdapter.java:87)
	at org.springframework.web.servlet.DispatcherServlet.doDispatch(DispatcherServlet.java:1040)
	at org.springframework.web.servlet.DispatcherServlet.doService(DispatcherServlet.java:943)
	at org.springframework.web.servlet.FrameworkServlet.processRequest(FrameworkServlet.java:1006)
	at org.springframework.web.servlet.FrameworkServlet.doPost(FrameworkServlet.java:909)
	at javax.servlet.http.HttpServlet.service(HttpServlet.java:652)
	at org.springframework.web.servlet.FrameworkServlet.service(FrameworkServlet.java:883)
	at javax.servlet.http.HttpServlet.service(HttpServlet.java:733)
	at org.apache.catalina.core.ApplicationFilterChain.internalDoFilter(ApplicationFilterChain.java:231)
	at org.apache.catalina.core.ApplicationFilterChain.doFilter(ApplicationFilterChain.java:166)
	at org.apache.tomcat.websocket.server.WsFilter.doFilter(WsFilter.java:53)
	at org.apache.catalina.core.ApplicationFilterChain.internalDoFilter(ApplicationFilterChain.java:193)
	at org.apache.catalina.core.ApplicationFilterChain.doFilter(ApplicationFilterChain.java:166)
	at org.springframework.web.filter.RequestContextFilter.doFilterInternal(RequestContextFilter.java:100)
	at org.springframework.web.filter.OncePerRequestFilter.doFilter(OncePerRequestFilter.java:119)
	at org.apache.catalina.core.ApplicationFilterChain.internalDoFilter(ApplicationFilterChain.java:193)
	at org.apache.catalina.core.ApplicationFilterChain.doFilter(ApplicationFilterChain.java:166)
	at org.springframework.web.filter.FormContentFilter.doFilterInternal(FormContentFilter.java:93)
	at org.springframework.web.filter.OncePerRequestFilter.doFilter(OncePerRequestFilter.java:119)
	at org.apache.catalina.core.ApplicationFilterChain.internalDoFilter(ApplicationFilterChain.java:193)
	at org.apache.catalina.core.ApplicationFilterChain.doFilter(ApplicationFilterChain.java:166)
	at org.springframework.web.filter.HiddenHttpMethodFilter.doFilterInternal(HiddenHttpMethodFilter.java:94)
	at org.springframework.web.filter.OncePerRequestFilter.doFilter(OncePerRequestFilter.java:119)
	at org.apache.catalina.core.ApplicationFilterChain.internalDoFilter(ApplicationFilterChain.java:193)
	at org.apache.catalina.core.ApplicationFilterChain.doFilter(ApplicationFilterChain.java:166)
	at org.springframework.web.filter.CharacterEncodingFilter.doFilterInternal(CharacterEncodingFilter.java:201)
	at org.springframework.web.filter.OncePerRequestFilter.doFilter(OncePerRequestFilter.java:119)
	at org.apache.catalina.core.ApplicationFilterChain.internalDoFilter(ApplicationFilterChain.java:193)
	at org.apache.catalina.core.ApplicationFilterChain.doFilter(ApplicationFilterChain.java:166)
	at org.apache.catalina.core.StandardWrapperValve.invoke(StandardWrapperValve.java:202)
	at org.apache.catalina.core.StandardContextValve.__invoke(StandardContextValve.java:96)
	at org.apache.catalina.core.StandardContextValve.invoke(StandardContextValve.java:41002)
	at org.apache.catalina.authenticator.AuthenticatorBase.invoke(AuthenticatorBase.java:541)
	at org.apache.catalina.core.StandardHostValve.invoke(StandardHostValve.java:139)
	at org.apache.catalina.valves.ErrorReportValve.invoke(ErrorReportValve.java:92)
	at org.apache.catalina.core.StandardEngineValve.invoke(StandardEngineValve.java:74)
	at org.apache.catalina.connector.CoyoteAdapter.service(CoyoteAdapter.java:343)
	at org.apache.coyote.http11.Http11Processor.service(Http11Processor.java:373)
	at org.apache.coyote.AbstractProcessorLight.process(AbstractProcessorLight.java:65)
	at org.apache.coyote.AbstractProtocol$ConnectionHandler.process(AbstractProtocol.java:868)
	at org.apache.tomcat.util.net.NioEndpoint$SocketProcessor.doRun(NioEndpoint.java:1589)
	at org.apache.tomcat.util.net.SocketProcessorBase.run(SocketProcessorBase.java:49)
	at java.util.concurrent.ThreadPoolExecutor.runWorker(ThreadPoolExecutor.java:1149)
	at java.util.concurrent.ThreadPoolExecutor$Worker.run(ThreadPoolExecutor.java:624)
	at org.apache.tomcat.util.threads.TaskThread$WrappingRunnable.run(TaskThread.java:61)
	at java.lang.Thread.run(Thread.java:748)
2020/09/01-16:37 [main] INFO  com.zero.hjy.WebApplication- Starting WebApplication on ZERO with PID 9948 (W:\hejiayun\CommubityCoud\web\target\classes started by ZERO in W:\hejiayun\CommubityCoud)
2020/09/01-16:37 [main] INFO  com.zero.hjy.WebApplication- No active profile set, falling back to default profiles: default
2020/09/01-16:37 [main] INFO  org.springframework.boot.devtools.env.DevToolsPropertyDefaultsPostProcessor- Devtools property defaults active! Set 'spring.devtools.add-properties' to 'false' to disable
2020/09/01-16:37 [main] INFO  org.springframework.boot.devtools.env.DevToolsPropertyDefaultsPostProcessor- For additional web related logging consider setting the 'logging.level.web' property to 'DEBUG'
2020/09/01-16:38 [main] INFO  org.springframework.boot.web.embedded.tomcat.TomcatWebServer- Tomcat initialized with port(s): 8888 (http)
2020/09/01-16:38 [main] INFO  org.apache.catalina.core.StandardService- Starting service [Tomcat]
2020/09/01-16:38 [main] INFO  org.apache.catalina.core.StandardEngine- Starting Servlet engine: [Apache Tomcat/9.0.37]
2020/09/01-16:38 [main] INFO  org.apache.catalina.core.AprLifecycleListener- An older version [1.2.16] of the Apache Tomcat Native library is installed, while Tomcat recommends a minimum version of [1.2.23]
2020/09/01-16:38 [main] INFO  org.apache.catalina.core.AprLifecycleListener- Loaded Apache Tomcat Native library [1.2.16] using APR version [1.6.3].
2020/09/01-16:38 [main] INFO  org.apache.catalina.core.AprLifecycleListener- APR capabilities: IPv6 [true], sendfile [true], accept filters [false], random [true].
2020/09/01-16:38 [main] INFO  org.apache.catalina.core.AprLifecycleListener- APR/OpenSSL configuration: useAprConnector [false], useOpenSSL [true]
2020/09/01-16:38 [main] INFO  org.apache.catalina.core.AprLifecycleListener- OpenSSL successfully initialized [OpenSSL 1.0.2m  2 Nov 2017]
2020/09/01-16:38 [main] INFO  org.apache.catalina.core.ContainerBase.[Tomcat].[localhost].[/]- Initializing Spring embedded WebApplicationContext
2020/09/01-16:38 [main] INFO  org.springframework.web.context.ContextLoader- Root WebApplicationContext: initialization completed in 7154 ms
2020/09/01-16:38 [main] INFO  org.springframework.scheduling.concurrent.ThreadPoolTaskExecutor- Initializing ExecutorService 'applicationTaskExecutor'
2020/09/01-16:38 [main] INFO  org.springframework.boot.devtools.autoconfigure.OptionalLiveReloadServer- LiveReload server is running on port 35729
2020/09/01-16:38 [main] INFO  org.springframework.boot.web.embedded.tomcat.TomcatWebServer- Tomcat started on port(s): 8888 (http) with context path ''
2020/09/01-16:38 [main] INFO  com.zero.hjy.WebApplication- Started WebApplication in 13.262 seconds (JVM running for 19.325)
2020/09/01-16:38 [http-nio-8888-exec-1] INFO  org.apache.catalina.core.ContainerBase.[Tomcat].[localhost].[/]- Initializing Spring DispatcherServlet 'dispatcherServlet'
2020/09/01-16:38 [http-nio-8888-exec-1] INFO  org.springframework.web.servlet.DispatcherServlet- Initializing Servlet 'dispatcherServlet'
2020/09/01-16:38 [http-nio-8888-exec-1] INFO  org.springframework.web.servlet.DispatcherServlet- Completed initialization in 35 ms
2020/09/01-16:38 [http-nio-8888-exec-1] ERROR org.apache.catalina.core.ContainerBase.[Tomcat].[localhost].[/].[dispatcherServlet]- Servlet.service() for servlet [dispatcherServlet] in context with path [] threw exception [Request processing failed; nested exception is org.apache.ibatis.binding.BindingException: Invalid bound statement (not found): com.zero.hjy.dao.AuthorityUserDao.authorityUserList] with root cause
org.apache.ibatis.binding.BindingException: Invalid bound statement (not found): com.zero.hjy.dao.AuthorityUserDao.authorityUserList
	at org.apache.ibatis.binding.MapperMethod$SqlCommand.<init>(MapperMethod.java:235)
	at com.baomidou.mybatisplus.core.override.MybatisMapperMethod.<init>(MybatisMapperMethod.java:50)
	at com.baomidou.mybatisplus.core.override.MybatisMapperProxy.lambda$cachedMapperMethod$0(MybatisMapperProxy.java:101)
	at java.util.concurrent.ConcurrentHashMap.computeIfAbsent(ConcurrentHashMap.java:1660)
	at com.baomidou.mybatisplus.core.override.MybatisMapperProxy.cachedMapperMethod(MybatisMapperProxy.java:100)
	at com.baomidou.mybatisplus.core.override.MybatisMapperProxy.invoke(MybatisMapperProxy.java:95)
	at com.sun.proxy.$Proxy64.authorityUserList(Unknown Source)
	at com.zero.hjy.service.impl.AuthorityUserServiceImpl.authorityUserList(AuthorityUserServiceImpl.java:28)
	at com.zero.hjy.controller.AuthorityUserController.userLogin(AuthorityUserController.java:32)
	at sun.reflect.NativeMethodAccessorImpl.invoke0(Native Method)
	at sun.reflect.NativeMethodAccessorImpl.invoke(NativeMethodAccessorImpl.java:62)
	at sun.reflect.DelegatingMethodAccessorImpl.invoke(DelegatingMethodAccessorImpl.java:43)
	at java.lang.reflect.Method.invoke(Method.java:498)
	at org.springframework.web.method.support.InvocableHandlerMethod.doInvoke(InvocableHandlerMethod.java:190)
	at org.springframework.web.method.support.InvocableHandlerMethod.invokeForRequest(InvocableHandlerMethod.java:138)
	at org.springframework.web.servlet.mvc.method.annotation.ServletInvocableHandlerMethod.invokeAndHandle(ServletInvocableHandlerMethod.java:105)
	at org.springframework.web.servlet.mvc.method.annotation.RequestMappingHandlerAdapter.invokeHandlerMethod(RequestMappingHandlerAdapter.java:892)
	at org.springframework.web.servlet.mvc.method.annotation.RequestMappingHandlerAdapter.handleInternal(RequestMappingHandlerAdapter.java:797)
	at org.springframework.web.servlet.mvc.method.AbstractHandlerMethodAdapter.handle(AbstractHandlerMethodAdapter.java:87)
	at org.springframework.web.servlet.DispatcherServlet.doDispatch(DispatcherServlet.java:1040)
	at org.springframework.web.servlet.DispatcherServlet.doService(DispatcherServlet.java:943)
	at org.springframework.web.servlet.FrameworkServlet.processRequest(FrameworkServlet.java:1006)
	at org.springframework.web.servlet.FrameworkServlet.doPost(FrameworkServlet.java:909)
	at javax.servlet.http.HttpServlet.service(HttpServlet.java:652)
	at org.springframework.web.servlet.FrameworkServlet.service(FrameworkServlet.java:883)
	at javax.servlet.http.HttpServlet.service(HttpServlet.java:733)
	at org.apache.catalina.core.ApplicationFilterChain.internalDoFilter(ApplicationFilterChain.java:231)
	at org.apache.catalina.core.ApplicationFilterChain.doFilter(ApplicationFilterChain.java:166)
	at org.apache.tomcat.websocket.server.WsFilter.doFilter(WsFilter.java:53)
	at org.apache.catalina.core.ApplicationFilterChain.internalDoFilter(ApplicationFilterChain.java:193)
	at org.apache.catalina.core.ApplicationFilterChain.doFilter(ApplicationFilterChain.java:166)
	at org.springframework.web.filter.RequestContextFilter.doFilterInternal(RequestContextFilter.java:100)
	at org.springframework.web.filter.OncePerRequestFilter.doFilter(OncePerRequestFilter.java:119)
	at org.apache.catalina.core.ApplicationFilterChain.internalDoFilter(ApplicationFilterChain.java:193)
	at org.apache.catalina.core.ApplicationFilterChain.doFilter(ApplicationFilterChain.java:166)
	at org.springframework.web.filter.FormContentFilter.doFilterInternal(FormContentFilter.java:93)
	at org.springframework.web.filter.OncePerRequestFilter.doFilter(OncePerRequestFilter.java:119)
	at org.apache.catalina.core.ApplicationFilterChain.internalDoFilter(ApplicationFilterChain.java:193)
	at org.apache.catalina.core.ApplicationFilterChain.doFilter(ApplicationFilterChain.java:166)
	at org.springframework.web.filter.HiddenHttpMethodFilter.doFilterInternal(HiddenHttpMethodFilter.java:94)
	at org.springframework.web.filter.OncePerRequestFilter.doFilter(OncePerRequestFilter.java:119)
	at org.apache.catalina.core.ApplicationFilterChain.internalDoFilter(ApplicationFilterChain.java:193)
	at org.apache.catalina.core.ApplicationFilterChain.doFilter(ApplicationFilterChain.java:166)
	at org.springframework.web.filter.CharacterEncodingFilter.doFilterInternal(CharacterEncodingFilter.java:201)
	at org.springframework.web.filter.OncePerRequestFilter.doFilter(OncePerRequestFilter.java:119)
	at org.apache.catalina.core.ApplicationFilterChain.internalDoFilter(ApplicationFilterChain.java:193)
	at org.apache.catalina.core.ApplicationFilterChain.doFilter(ApplicationFilterChain.java:166)
	at org.apache.catalina.core.StandardWrapperValve.invoke(StandardWrapperValve.java:202)
	at org.apache.catalina.core.StandardContextValve.__invoke(StandardContextValve.java:96)
	at org.apache.catalina.core.StandardContextValve.invoke(StandardContextValve.java:41002)
	at org.apache.catalina.authenticator.AuthenticatorBase.invoke(AuthenticatorBase.java:541)
	at org.apache.catalina.core.StandardHostValve.invoke(StandardHostValve.java:139)
	at org.apache.catalina.valves.ErrorReportValve.invoke(ErrorReportValve.java:92)
	at org.apache.catalina.core.StandardEngineValve.invoke(StandardEngineValve.java:74)
	at org.apache.catalina.connector.CoyoteAdapter.service(CoyoteAdapter.java:343)
	at org.apache.coyote.http11.Http11Processor.service(Http11Processor.java:373)
	at org.apache.coyote.AbstractProcessorLight.process(AbstractProcessorLight.java:65)
	at org.apache.coyote.AbstractProtocol$ConnectionHandler.process(AbstractProtocol.java:868)
	at org.apache.tomcat.util.net.NioEndpoint$SocketProcessor.doRun(NioEndpoint.java:1589)
	at org.apache.tomcat.util.net.SocketProcessorBase.run(SocketProcessorBase.java:49)
	at java.util.concurrent.ThreadPoolExecutor.runWorker(ThreadPoolExecutor.java:1149)
	at java.util.concurrent.ThreadPoolExecutor$Worker.run(ThreadPoolExecutor.java:624)
	at org.apache.tomcat.util.threads.TaskThread$WrappingRunnable.run(TaskThread.java:61)
	at java.lang.Thread.run(Thread.java:748)
2020/09/01-16:38 [http-nio-8888-exec-2] ERROR org.apache.catalina.core.ContainerBase.[Tomcat].[localhost].[/].[dispatcherServlet]- Servlet.service() for servlet [dispatcherServlet] in context with path [] threw exception [Request processing failed; nested exception is org.apache.ibatis.binding.BindingException: Invalid bound statement (not found): com.zero.hjy.dao.AuthorityUserDao.authorityUserList] with root cause
org.apache.ibatis.binding.BindingException: Invalid bound statement (not found): com.zero.hjy.dao.AuthorityUserDao.authorityUserList
	at org.apache.ibatis.binding.MapperMethod$SqlCommand.<init>(MapperMethod.java:235)
	at com.baomidou.mybatisplus.core.override.MybatisMapperMethod.<init>(MybatisMapperMethod.java:50)
	at com.baomidou.mybatisplus.core.override.MybatisMapperProxy.lambda$cachedMapperMethod$0(MybatisMapperProxy.java:101)
	at java.util.concurrent.ConcurrentHashMap.computeIfAbsent(ConcurrentHashMap.java:1660)
	at com.baomidou.mybatisplus.core.override.MybatisMapperProxy.cachedMapperMethod(MybatisMapperProxy.java:100)
	at com.baomidou.mybatisplus.core.override.MybatisMapperProxy.invoke(MybatisMapperProxy.java:95)
	at com.sun.proxy.$Proxy64.authorityUserList(Unknown Source)
	at com.zero.hjy.service.impl.AuthorityUserServiceImpl.authorityUserList(AuthorityUserServiceImpl.java:28)
	at com.zero.hjy.controller.AuthorityUserController.userLogin(AuthorityUserController.java:32)
	at sun.reflect.NativeMethodAccessorImpl.invoke0(Native Method)
	at sun.reflect.NativeMethodAccessorImpl.invoke(NativeMethodAccessorImpl.java:62)
	at sun.reflect.DelegatingMethodAccessorImpl.invoke(DelegatingMethodAccessorImpl.java:43)
	at java.lang.reflect.Method.invoke(Method.java:498)
	at org.springframework.web.method.support.InvocableHandlerMethod.doInvoke(InvocableHandlerMethod.java:190)
	at org.springframework.web.method.support.InvocableHandlerMethod.invokeForRequest(InvocableHandlerMethod.java:138)
	at org.springframework.web.servlet.mvc.method.annotation.ServletInvocableHandlerMethod.invokeAndHandle(ServletInvocableHandlerMethod.java:105)
	at org.springframework.web.servlet.mvc.method.annotation.RequestMappingHandlerAdapter.invokeHandlerMethod(RequestMappingHandlerAdapter.java:892)
	at org.springframework.web.servlet.mvc.method.annotation.RequestMappingHandlerAdapter.handleInternal(RequestMappingHandlerAdapter.java:797)
	at org.springframework.web.servlet.mvc.method.AbstractHandlerMethodAdapter.handle(AbstractHandlerMethodAdapter.java:87)
	at org.springframework.web.servlet.DispatcherServlet.doDispatch(DispatcherServlet.java:1040)
	at org.springframework.web.servlet.DispatcherServlet.doService(DispatcherServlet.java:943)
	at org.springframework.web.servlet.FrameworkServlet.processRequest(FrameworkServlet.java:1006)
	at org.springframework.web.servlet.FrameworkServlet.doGet(FrameworkServlet.java:898)
	at javax.servlet.http.HttpServlet.service(HttpServlet.java:626)
	at org.springframework.web.servlet.FrameworkServlet.service(FrameworkServlet.java:883)
	at javax.servlet.http.HttpServlet.service(HttpServlet.java:733)
	at org.apache.catalina.core.ApplicationFilterChain.internalDoFilter(ApplicationFilterChain.java:231)
	at org.apache.catalina.core.ApplicationFilterChain.doFilter(ApplicationFilterChain.java:166)
	at org.apache.tomcat.websocket.server.WsFilter.doFilter(WsFilter.java:53)
	at org.apache.catalina.core.ApplicationFilterChain.internalDoFilter(ApplicationFilterChain.java:193)
	at org.apache.catalina.core.ApplicationFilterChain.doFilter(ApplicationFilterChain.java:166)
	at org.springframework.web.filter.RequestContextFilter.doFilterInternal(RequestContextFilter.java:100)
	at org.springframework.web.filter.OncePerRequestFilter.doFilter(OncePerRequestFilter.java:119)
	at org.apache.catalina.core.ApplicationFilterChain.internalDoFilter(ApplicationFilterChain.java:193)
	at org.apache.catalina.core.ApplicationFilterChain.doFilter(ApplicationFilterChain.java:166)
	at org.springframework.web.filter.FormContentFilter.doFilterInternal(FormContentFilter.java:93)
	at org.springframework.web.filter.OncePerRequestFilter.doFilter(OncePerRequestFilter.java:119)
	at org.apache.catalina.core.ApplicationFilterChain.internalDoFilter(ApplicationFilterChain.java:193)
	at org.apache.catalina.core.ApplicationFilterChain.doFilter(ApplicationFilterChain.java:166)
	at org.springframework.web.filter.HiddenHttpMethodFilter.doFilterInternal(HiddenHttpMethodFilter.java:94)
	at org.springframework.web.filter.OncePerRequestFilter.doFilter(OncePerRequestFilter.java:119)
	at org.apache.catalina.core.ApplicationFilterChain.internalDoFilter(ApplicationFilterChain.java:193)
	at org.apache.catalina.core.ApplicationFilterChain.doFilter(ApplicationFilterChain.java:166)
	at org.springframework.web.filter.CharacterEncodingFilter.doFilterInternal(CharacterEncodingFilter.java:201)
	at org.springframework.web.filter.OncePerRequestFilter.doFilter(OncePerRequestFilter.java:119)
	at org.apache.catalina.core.ApplicationFilterChain.internalDoFilter(ApplicationFilterChain.java:193)
	at org.apache.catalina.core.ApplicationFilterChain.doFilter(ApplicationFilterChain.java:166)
	at org.apache.catalina.core.StandardWrapperValve.invoke(StandardWrapperValve.java:202)
	at org.apache.catalina.core.StandardContextValve.__invoke(StandardContextValve.java:96)
	at org.apache.catalina.core.StandardContextValve.invoke(StandardContextValve.java:41002)
	at org.apache.catalina.authenticator.AuthenticatorBase.invoke(AuthenticatorBase.java:541)
	at org.apache.catalina.core.StandardHostValve.invoke(StandardHostValve.java:139)
	at org.apache.catalina.valves.ErrorReportValve.invoke(ErrorReportValve.java:92)
	at org.apache.catalina.core.StandardEngineValve.invoke(StandardEngineValve.java:74)
	at org.apache.catalina.connector.CoyoteAdapter.service(CoyoteAdapter.java:343)
	at org.apache.coyote.http11.Http11Processor.service(Http11Processor.java:373)
	at org.apache.coyote.AbstractProcessorLight.process(AbstractProcessorLight.java:65)
	at org.apache.coyote.AbstractProtocol$ConnectionHandler.process(AbstractProtocol.java:868)
	at org.apache.tomcat.util.net.NioEndpoint$SocketProcessor.doRun(NioEndpoint.java:1589)
	at org.apache.tomcat.util.net.SocketProcessorBase.run(SocketProcessorBase.java:49)
	at java.util.concurrent.ThreadPoolExecutor.runWorker(ThreadPoolExecutor.java:1149)
	at java.util.concurrent.ThreadPoolExecutor$Worker.run(ThreadPoolExecutor.java:624)
	at org.apache.tomcat.util.threads.TaskThread$WrappingRunnable.run(TaskThread.java:61)
	at java.lang.Thread.run(Thread.java:748)
2020/09/01-16:39 [restartedMain] INFO  com.zero.hjy.WebApplication- Starting WebApplication on ZERO with PID 13880 (W:\hejiayun\CommubityCoud\web\target\classes started by ZERO in W:\hejiayun\CommubityCoud)
2020/09/01-16:39 [restartedMain] INFO  com.zero.hjy.WebApplication- No active profile set, falling back to default profiles: default
2020/09/01-16:39 [restartedMain] INFO  org.springframework.boot.devtools.env.DevToolsPropertyDefaultsPostProcessor- Devtools property defaults active! Set 'spring.devtools.add-properties' to 'false' to disable
2020/09/01-16:39 [restartedMain] INFO  org.springframework.boot.devtools.env.DevToolsPropertyDefaultsPostProcessor- For additional web related logging consider setting the 'logging.level.web' property to 'DEBUG'
2020/09/01-16:40 [restartedMain] INFO  org.springframework.boot.web.embedded.tomcat.TomcatWebServer- Tomcat initialized with port(s): 8888 (http)
2020/09/01-16:40 [restartedMain] INFO  org.apache.catalina.core.StandardService- Starting service [Tomcat]
2020/09/01-16:40 [restartedMain] INFO  org.apache.catalina.core.StandardEngine- Starting Servlet engine: [Apache Tomcat/9.0.37]
2020/09/01-16:40 [restartedMain] INFO  org.apache.catalina.core.AprLifecycleListener- An older version [1.2.16] of the Apache Tomcat Native library is installed, while Tomcat recommends a minimum version of [1.2.23]
2020/09/01-16:40 [restartedMain] INFO  org.apache.catalina.core.AprLifecycleListener- Loaded Apache Tomcat Native library [1.2.16] using APR version [1.6.3].
2020/09/01-16:40 [restartedMain] INFO  org.apache.catalina.core.AprLifecycleListener- APR capabilities: IPv6 [true], sendfile [true], accept filters [false], random [true].
2020/09/01-16:40 [restartedMain] INFO  org.apache.catalina.core.AprLifecycleListener- APR/OpenSSL configuration: useAprConnector [false], useOpenSSL [true]
2020/09/01-16:40 [restartedMain] INFO  org.apache.catalina.core.AprLifecycleListener- OpenSSL successfully initialized [OpenSSL 1.0.2m  2 Nov 2017]
2020/09/01-16:40 [restartedMain] INFO  org.apache.catalina.core.ContainerBase.[Tomcat].[localhost].[/]- Initializing Spring embedded WebApplicationContext
2020/09/01-16:40 [restartedMain] INFO  org.springframework.web.context.ContextLoader- Root WebApplicationContext: initialization completed in 6800 ms
2020/09/01-16:40 [restartedMain] INFO  org.springframework.scheduling.concurrent.ThreadPoolTaskExecutor- Initializing ExecutorService 'applicationTaskExecutor'
2020/09/01-16:40 [restartedMain] WARN  org.springframework.boot.devtools.autoconfigure.OptionalLiveReloadServer- Unable to start LiveReload server
2020/09/01-16:40 [restartedMain] ERROR org.apache.catalina.util.LifecycleBase- Failed to start component [Connector[HTTP/1.1-8888]]
org.apache.catalina.LifecycleException: Protocol handler start failed
	at org.apache.catalina.connector.Connector.startInternal(Connector.java:1067)
	at org.apache.catalina.util.LifecycleBase.start(LifecycleBase.java:183)
	at org.apache.catalina.core.StandardService.addConnector(StandardService.java:227)
	at org.springframework.boot.web.embedded.tomcat.TomcatWebServer.addPreviouslyRemovedConnectors(TomcatWebServer.java:263)
	at org.springframework.boot.web.embedded.tomcat.TomcatWebServer.start(TomcatWebServer.java:195)
	at org.springframework.boot.web.servlet.context.ServletWebServerApplicationContext.startWebServer(ServletWebServerApplicationContext.java:297)
	at org.springframework.boot.web.servlet.context.ServletWebServerApplicationContext.finishRefresh(ServletWebServerApplicationContext.java:163)
	at org.springframework.context.support.AbstractApplicationContext.refresh(AbstractApplicationContext.java:553)
	at org.springframework.boot.web.servlet.context.ServletWebServerApplicationContext.refresh(ServletWebServerApplicationContext.java:141)
	at org.springframework.boot.SpringApplication.refresh(SpringApplication.java:744)
	at org.springframework.boot.SpringApplication.refreshContext(SpringApplication.java:391)
	at org.springframework.boot.SpringApplication.run(SpringApplication.java:312)
	at org.springframework.boot.SpringApplication.run(SpringApplication.java:1215)
	at org.springframework.boot.SpringApplication.run(SpringApplication.java:1204)
	at com.zero.hjy.WebApplication.main(WebApplication.java:10)
	at sun.reflect.NativeMethodAccessorImpl.invoke0(Native Method)
	at sun.reflect.NativeMethodAccessorImpl.invoke(NativeMethodAccessorImpl.java:62)
	at sun.reflect.DelegatingMethodAccessorImpl.invoke(DelegatingMethodAccessorImpl.java:43)
	at java.lang.reflect.Method.invoke(Method.java:498)
	at org.springframework.boot.devtools.restart.RestartLauncher.run(RestartLauncher.java:49)
Caused by: java.net.BindException: Address already in use: bind
	at sun.nio.ch.Net.bind0(Native Method)
	at sun.nio.ch.Net.bind(Net.java:433)
	at sun.nio.ch.Net.bind(Net.java:425)
	at sun.nio.ch.ServerSocketChannelImpl.bind(ServerSocketChannelImpl.java:223)
	at sun.nio.ch.ServerSocketAdaptor.bind(ServerSocketAdaptor.java:74)
	at org.apache.tomcat.util.net.NioEndpoint.initServerSocket(NioEndpoint.java:228)
	at org.apache.tomcat.util.net.NioEndpoint.bind(NioEndpoint.java:211)
	at org.apache.tomcat.util.net.AbstractEndpoint.bindWithCleanup(AbstractEndpoint.java:1141)
	at org.apache.tomcat.util.net.AbstractEndpoint.start(AbstractEndpoint.java:1227)
	at org.apache.coyote.AbstractProtocol.start(AbstractProtocol.java:592)
	at org.apache.catalina.connector.Connector.startInternal(Connector.java:1064)
	... 19 common frames omitted
2020/09/01-16:40 [restartedMain] INFO  org.apache.catalina.core.StandardService- Stopping service [Tomcat]
2020/09/01-16:40 [restartedMain] INFO  org.springframework.boot.autoconfigure.logging.ConditionEvaluationReportLoggingListener- 

Error starting ApplicationContext. To display the conditions report re-run your application with 'debug' enabled.
2020/09/01-16:40 [restartedMain] ERROR org.springframework.boot.diagnostics.LoggingFailureAnalysisReporter- 

***************************
APPLICATION FAILED TO START
***************************

Description:

The Tomcat connector configured to listen on port 8888 failed to start. The port may already be in use or the connector may be misconfigured.

Action:

Verify the connector's configuration, identify and stop any process that's listening on port 8888, or configure this application to listen on another port.

2020/09/01-16:40 [restartedMain] INFO  org.springframework.scheduling.concurrent.ThreadPoolTaskExecutor- Shutting down ExecutorService 'applicationTaskExecutor'
2020/09/01-16:40 [main] INFO  com.zero.hjy.WebApplication- Starting WebApplication on ZERO with PID 13716 (W:\hejiayun\CommubityCoud\web\target\classes started by ZERO in W:\hejiayun\CommubityCoud)
2020/09/01-16:40 [main] INFO  com.zero.hjy.WebApplication- No active profile set, falling back to default profiles: default
2020/09/01-16:40 [main] INFO  org.springframework.boot.devtools.env.DevToolsPropertyDefaultsPostProcessor- Devtools property defaults active! Set 'spring.devtools.add-properties' to 'false' to disable
2020/09/01-16:40 [main] INFO  org.springframework.boot.devtools.env.DevToolsPropertyDefaultsPostProcessor- For additional web related logging consider setting the 'logging.level.web' property to 'DEBUG'
2020/09/01-16:40 [main] INFO  org.springframework.boot.web.embedded.tomcat.TomcatWebServer- Tomcat initialized with port(s): 8888 (http)
2020/09/01-16:40 [main] INFO  org.apache.catalina.core.StandardService- Starting service [Tomcat]
2020/09/01-16:40 [main] INFO  org.apache.catalina.core.StandardEngine- Starting Servlet engine: [Apache Tomcat/9.0.37]
2020/09/01-16:40 [main] INFO  org.apache.catalina.core.AprLifecycleListener- An older version [1.2.16] of the Apache Tomcat Native library is installed, while Tomcat recommends a minimum version of [1.2.23]
2020/09/01-16:40 [main] INFO  org.apache.catalina.core.AprLifecycleListener- Loaded Apache Tomcat Native library [1.2.16] using APR version [1.6.3].
2020/09/01-16:40 [main] INFO  org.apache.catalina.core.AprLifecycleListener- APR capabilities: IPv6 [true], sendfile [true], accept filters [false], random [true].
2020/09/01-16:40 [main] INFO  org.apache.catalina.core.AprLifecycleListener- APR/OpenSSL configuration: useAprConnector [false], useOpenSSL [true]
2020/09/01-16:40 [main] INFO  org.apache.catalina.core.AprLifecycleListener- OpenSSL successfully initialized [OpenSSL 1.0.2m  2 Nov 2017]
2020/09/01-16:40 [main] INFO  org.apache.catalina.core.ContainerBase.[Tomcat].[localhost].[/]- Initializing Spring embedded WebApplicationContext
2020/09/01-16:40 [main] INFO  org.springframework.web.context.ContextLoader- Root WebApplicationContext: initialization completed in 6452 ms
2020/09/01-16:40 [main] INFO  org.springframework.scheduling.concurrent.ThreadPoolTaskExecutor- Initializing ExecutorService 'applicationTaskExecutor'
2020/09/01-16:40 [main] INFO  org.springframework.boot.devtools.autoconfigure.OptionalLiveReloadServer- LiveReload server is running on port 35729
2020/09/01-16:40 [main] INFO  org.springframework.boot.web.embedded.tomcat.TomcatWebServer- Tomcat started on port(s): 8888 (http) with context path ''
2020/09/01-16:40 [main] INFO  com.zero.hjy.WebApplication- Started WebApplication in 12.076 seconds (JVM running for 16.952)
2020/09/01-16:41 [http-nio-8888-exec-1] INFO  org.apache.catalina.core.ContainerBase.[Tomcat].[localhost].[/]- Initializing Spring DispatcherServlet 'dispatcherServlet'
2020/09/01-16:41 [http-nio-8888-exec-1] INFO  org.springframework.web.servlet.DispatcherServlet- Initializing Servlet 'dispatcherServlet'
2020/09/01-16:41 [http-nio-8888-exec-1] INFO  org.springframework.web.servlet.DispatcherServlet- Completed initialization in 25 ms
2020/09/01-16:41 [http-nio-8888-exec-1] INFO  com.zaxxer.hikari.HikariDataSource- HikariPool-1 - Starting...
2020/09/01-16:41 [http-nio-8888-exec-1] INFO  com.zaxxer.hikari.HikariDataSource- HikariPool-1 - Start completed.
2020/09/01-16:41 [http-nio-8888-exec-1] DEBUG com.zero.hjy.dao.AuthorityUserDao.authorityUserList- ==>  Preparing: select * from authority_user 
2020/09/01-16:41 [http-nio-8888-exec-1] DEBUG com.zero.hjy.dao.AuthorityUserDao.authorityUserList- ==> Parameters: 
2020/09/01-16:41 [http-nio-8888-exec-1] DEBUG com.zero.hjy.dao.AuthorityUserDao.authorityUserList- <==      Total: 1
2020/09/01-16:42 [http-nio-8888-exec-2] DEBUG com.zero.hjy.dao.AuthorityUserDao.authorityUserList- ==>  Preparing: select * from authority_user 
2020/09/01-16:42 [http-nio-8888-exec-2] DEBUG com.zero.hjy.dao.AuthorityUserDao.authorityUserList- ==> Parameters: 
2020/09/01-16:42 [http-nio-8888-exec-2] DEBUG com.zero.hjy.dao.AuthorityUserDao.authorityUserList- <==      Total: 1
2020/09/01-21:48 [main] INFO  com.zero.hjy.WebApplication- Starting WebApplication on ZERO with PID 14792 (W:\hejiayun\CommubityCoud\web\target\classes started by ZERO in W:\hejiayun\CommubityCoud)
2020/09/01-21:48 [main] INFO  com.zero.hjy.WebApplication- No active profile set, falling back to default profiles: default
2020/09/01-21:48 [main] INFO  org.springframework.boot.devtools.env.DevToolsPropertyDefaultsPostProcessor- Devtools property defaults active! Set 'spring.devtools.add-properties' to 'false' to disable
2020/09/01-21:48 [main] INFO  org.springframework.boot.devtools.env.DevToolsPropertyDefaultsPostProcessor- For additional web related logging consider setting the 'logging.level.web' property to 'DEBUG'
2020/09/01-21:48 [main] INFO  org.springframework.boot.web.embedded.tomcat.TomcatWebServer- Tomcat initialized with port(s): 8888 (http)
2020/09/01-21:48 [main] INFO  org.apache.catalina.core.StandardService- Starting service [Tomcat]
2020/09/01-21:48 [main] INFO  org.apache.catalina.core.StandardEngine- Starting Servlet engine: [Apache Tomcat/9.0.37]
2020/09/01-21:48 [main] INFO  org.apache.catalina.core.AprLifecycleListener- An older version [1.2.16] of the Apache Tomcat Native library is installed, while Tomcat recommends a minimum version of [1.2.23]
2020/09/01-21:48 [main] INFO  org.apache.catalina.core.AprLifecycleListener- Loaded Apache Tomcat Native library [1.2.16] using APR version [1.6.3].
2020/09/01-21:48 [main] INFO  org.apache.catalina.core.AprLifecycleListener- APR capabilities: IPv6 [true], sendfile [true], accept filters [false], random [true].
2020/09/01-21:48 [main] INFO  org.apache.catalina.core.AprLifecycleListener- APR/OpenSSL configuration: useAprConnector [false], useOpenSSL [true]
2020/09/01-21:48 [main] INFO  org.apache.catalina.core.AprLifecycleListener- OpenSSL successfully initialized [OpenSSL 1.0.2m  2 Nov 2017]
2020/09/01-21:48 [main] INFO  org.apache.catalina.core.ContainerBase.[Tomcat].[localhost].[/]- Initializing Spring embedded WebApplicationContext
2020/09/01-21:48 [main] INFO  org.springframework.web.context.ContextLoader- Root WebApplicationContext: initialization completed in 7523 ms
2020/09/01-21:48 [main] INFO  org.springframework.boot.devtools.autoconfigure.OptionalLiveReloadServer- LiveReload server is running on port 35729
2020/09/01-21:48 [main] INFO  org.springframework.boot.web.embedded.tomcat.TomcatWebServer- Tomcat started on port(s): 8888 (http) with context path ''
2020/09/01-21:48 [main] INFO  com.zero.hjy.WebApplication- Started WebApplication in 13.608 seconds (JVM running for 19.343)
2020/09/01-21:49 [http-nio-8888-exec-1] INFO  org.apache.catalina.core.ContainerBase.[Tomcat].[localhost].[/]- Initializing Spring DispatcherServlet 'dispatcherServlet'
2020/09/01-21:49 [http-nio-8888-exec-1] INFO  org.springframework.web.servlet.DispatcherServlet- Initializing Servlet 'dispatcherServlet'
2020/09/01-21:49 [http-nio-8888-exec-1] INFO  org.springframework.web.servlet.DispatcherServlet- Completed initialization in 30 ms
2020/09/01-21:49 [http-nio-8888-exec-1] INFO  com.zaxxer.hikari.HikariDataSource- HikariPool-1 - Starting...
2020/09/01-21:49 [http-nio-8888-exec-1] INFO  com.zaxxer.hikari.HikariDataSource- HikariPool-1 - Start completed.
2020/09/01-21:49 [http-nio-8888-exec-1] DEBUG com.zero.hjy.dao.AuthorityUserDao.authorityUserList- ==>  Preparing: select * from authority_user 
2020/09/01-21:49 [http-nio-8888-exec-1] DEBUG com.zero.hjy.dao.AuthorityUserDao.authorityUserList- ==> Parameters: 
2020/09/01-21:49 [http-nio-8888-exec-1] DEBUG com.zero.hjy.dao.AuthorityUserDao.authorityUserList- <==      Total: 1
2020/09/01-21:49 [http-nio-8888-exec-3] DEBUG com.zero.hjy.dao.AuthorityUserDao.authorityUserList- ==>  Preparing: select * from authority_user 
2020/09/01-21:49 [http-nio-8888-exec-3] DEBUG com.zero.hjy.dao.AuthorityUserDao.authorityUserList- ==> Parameters: 
2020/09/01-21:49 [http-nio-8888-exec-3] DEBUG com.zero.hjy.dao.AuthorityUserDao.authorityUserList- <==      Total: 1
