#
# There is insufficient memory for the Java Runtime Environment to continue.
# Native memory allocation (malloc) failed to allocate 32744 bytes for ChunkPool::allocate
# Possible reasons:
#   The system is out of physical RAM or swap space
#   In 32 bit mode, the process size limit was hit
# Possible solutions:
#   Reduce memory load on the system
#   Increase physical memory or swap space
#   Check if swap backing store is full
#   Use 64 bit Java on a 64 bit OS
#   Decrease Java heap size (-Xmx/-Xms)
#   Decrease number of Java threads
#   Decrease Java thread stack sizes (-Xss)
#   Set larger code cache with -XX:ReservedCodeCacheSize=
# This output file may be truncated or incomplete.
#
#  Out of Memory Error (allocation.cpp:273), pid=11592, tid=0x0000000000002d58
#
# JRE version: Java(TM) SE Runtime Environment (8.0_162-b12) (build 1.8.0_162-b12)
# Java VM: Java HotSpot(TM) 64-Bit Server VM (25.162-b12 mixed mode windows-amd64 compressed oops)
# Failed to write core dump. Minidumps are not enabled by default on client versions of Windows
#

---------------  T H R E A D  ---------------

Current thread (0x0000000015db9000):  JavaThread "C2 CompilerThread1" daemon [_thread_in_native, id=11608, stack(0x0000000016580000,0x0000000016680000)]

Stack: [0x0000000016580000,0x0000000016680000]
[error occurred during error reporting (printing stack bounds), id 0xc0000005]

Native frames: (J=compiled Java code, j=interpreted, Vv=VM code, C=native code)


Current CompileTask:
C2:   7313 3443   !   4       java.net.URLClassLoader$1::run (63 bytes)


---------------  P R O C E S S  ---------------

Java Threads: ( => current thread )
  0x0000000015e97000 JavaThread "Service Thread" daemon [_thread_blocked, id=8444, stack(0x0000000016780000,0x0000000016880000)]
  0x0000000015e1b000 JavaThread "C1 CompilerThread2" daemon [_thread_in_vm, id=11588, stack(0x0000000016680000,0x0000000016780000)]
=>0x0000000015db9000 JavaThread "C2 CompilerThread1" daemon [_thread_in_native, id=11608, stack(0x0000000016580000,0x0000000016680000)]
  0x0000000015db5800 JavaThread "C2 CompilerThread0" daemon [_thread_in_native, id=1212, stack(0x0000000016480000,0x0000000016580000)]
  0x0000000015db4000 JavaThread "Monitor Ctrl-Break" daemon [_thread_in_native, id=1676, stack(0x0000000016380000,0x0000000016480000)]
  0x0000000014a89000 JavaThread "Attach Listener" daemon [_thread_blocked, id=1640, stack(0x0000000016280000,0x0000000016380000)]
  0x0000000014a3f000 JavaThread "Signal Dispatcher" daemon [_thread_blocked, id=6328, stack(0x0000000016180000,0x0000000016280000)]
  0x0000000002cbd000 JavaThread "Finalizer" daemon [_thread_blocked, id=8656, stack(0x0000000015c80000,0x0000000015d80000)]
  0x0000000002cb2000 JavaThread "Reference Handler" daemon [_thread_blocked, id=1308, stack(0x0000000015b80000,0x0000000015c80000)]
  0x0000000002bc2800 JavaThread "main" [_thread_in_native, id=372, stack(0x0000000002910000,0x0000000002a10000)]

Other Threads:
  0x00000000149f7800 VMThread [stack: 0x0000000015a80000,0x0000000015b80000] [id=3044]
  0x0000000015eb1000 WatcherThread [stack: 0x0000000016880000,0x0000000016980000] [id=3680]

VM state:not at safepoint (normal execution)

VM Mutex/Monitor currently owned by a thread: None

Heap:
 PSYoungGen      total 141824K, used 35627K [0x00000000f0000000, 0x00000000f9500000, 0x0000000100000000)
  eden space 131072K, 27% used [0x00000000f0000000,0x00000000f22cadd0,0x00000000f8000000)
  from space 10752K, 0% used [0x00000000f8000000,0x00000000f8000000,0x00000000f8a80000)
  to   space 10752K, 0% used [0x00000000f8a80000,0x00000000f8a80000,0x00000000f9500000)
 ParOldGen       total 175104K, used 24257K [0x00000000d0000000, 0x00000000dab00000, 0x00000000f0000000)
  object space 175104K, 13% used [0x00000000d0000000,0x00000000d17b0530,0x00000000dab00000)
 Metaspace       used 22444K, capacity 22954K, committed 23216K, reserved 1069056K
  class space    used 2643K, capacity 2786K, committed 2816K, reserved 1048576K

Card table byte_map: [0x0000000012080000,0x0000000012210000] byte_map_base: 0x0000000011a00000

Marking Bits: (ParMarkBitMap*) 0x000000005e6e0860
 Begin Bits: [0x0000000012710000, 0x0000000013310000)
 End Bits:   [0x0000000013310000, 0x0000000013f10000)

Polling page: 0x0000000000d60000

CodeCache: size=245760Kb used=12967Kb max_used=12967Kb free=232792Kb
 bounds [0x0000000002cc0000, 0x0000000003980000, 0x0000000011cc0000]
 total_blobs=4103 nmethods=3698 adapters=317
 compilation: enabled

Compilation events (10 events):
Event: 7.090 Thread 0x0000000015e1b000 nmethod 3750 0x0000000003971f50 code [0x00000000039720e0, 0x0000000003972418]
Event: 7.090 Thread 0x0000000015e1b000 3751       2       java.util.zip.ZipInputStream::createZipEntry (9 bytes)
Event: 7.090 Thread 0x0000000015e1b000 nmethod 3751 0x00000000039725d0 code [0x0000000003972740, 0x0000000003972928]
Event: 7.138 Thread 0x0000000015e1b000 3752 %     3       java.util.zip.ZipInputStream::closeEntry @ 4 (31 bytes)
Event: 7.138 Thread 0x0000000015e1b000 nmethod 3752% 0x00000000039729d0 code [0x0000000003972b60, 0x0000000003972fb8]
Event: 7.191 Thread 0x0000000015e1b000 3754       3       java.util.zip.ZipInputStream::getNextEntry (74 bytes)
Event: 7.192 Thread 0x0000000015e1b000 nmethod 3754 0x0000000003973150 code [0x0000000003973340, 0x0000000003973c08]
Event: 7.285 Thread 0x0000000015e1b000 3755 %     3       java.util.zip.ZipInputStream::readFully @ 0 (44 bytes)
Event: 7.286 Thread 0x0000000015e1b000 nmethod 3755% 0x0000000003973f90 code [0x0000000003974120, 0x0000000003974578]
Event: 7.302 Thread 0x0000000015e1b000 3756       3       java.util.zip.ZipInputStream::readFully (44 bytes)

GC Heap History (10 events):
Event: 3.871 GC heap before
{Heap before GC invocations=2 (full 0):
 PSYoungGen      total 76288K, used 74692K [0x00000000f0000000, 0x00000000f5500000, 0x0000000100000000)
  eden space 65536K, 100% used [0x00000000f0000000,0x00000000f4000000,0x00000000f4000000)
  from space 10752K, 85% used [0x00000000f4000000,0x00000000f48f13b8,0x00000000f4a80000)
  to   space 10752K, 0% used [0x00000000f4a80000,0x00000000f4a80000,0x00000000f5500000)
 ParOldGen       total 175104K, used 8K [0x00000000d0000000, 0x00000000dab00000, 0x00000000f0000000)
  object space 175104K, 0% used [0x00000000d0000000,0x00000000d0002000,0x00000000dab00000)
 Metaspace       used 15624K, capacity 15956K, committed 16128K, reserved 1062912K
  class space    used 1888K, capacity 1976K, committed 2048K, reserved 1048576K
Event: 3.902 GC heap after
Heap after GC invocations=2 (full 0):
 PSYoungGen      total 76288K, used 10736K [0x00000000f0000000, 0x00000000f9500000, 0x0000000100000000)
  eden space 65536K, 0% used [0x00000000f0000000,0x00000000f0000000,0x00000000f4000000)
  from space 10752K, 99% used [0x00000000f4a80000,0x00000000f54fc3f0,0x00000000f5500000)
  to   space 10752K, 0% used [0x00000000f4000000,0x00000000f4000000,0x00000000f4a80000)
 ParOldGen       total 175104K, used 2091K [0x00000000d0000000, 0x00000000dab00000, 0x00000000f0000000)
  object space 175104K, 1% used [0x00000000d0000000,0x00000000d020ae58,0x00000000dab00000)
 Metaspace       used 15624K, capacity 15956K, committed 16128K, reserved 1062912K
  class space    used 1888K, capacity 1976K, committed 2048K, reserved 1048576K
}
Event: 4.899 GC heap before
{Heap before GC invocations=3 (full 0):
 PSYoungGen      total 76288K, used 76272K [0x00000000f0000000, 0x00000000f9500000, 0x0000000100000000)
  eden space 65536K, 100% used [0x00000000f0000000,0x00000000f4000000,0x00000000f4000000)
  from space 10752K, 99% used [0x00000000f4a80000,0x00000000f54fc3f0,0x00000000f5500000)
  to   space 10752K, 0% used [0x00000000f4000000,0x00000000f4000000,0x00000000f4a80000)
 ParOldGen       total 175104K, used 2091K [0x00000000d0000000, 0x00000000dab00000, 0x00000000f0000000)
  object space 175104K, 1% used [0x00000000d0000000,0x00000000d020ae58,0x00000000dab00000)
 Metaspace       used 16147K, capacity 16496K, committed 16640K, reserved 1064960K
  class space    used 1926K, capacity 2018K, committed 2048K, reserved 1048576K
Event: 4.922 GC heap after
Heap after GC invocations=3 (full 0):
 PSYoungGen      total 76288K, used 10744K [0x00000000f0000000, 0x00000000f9500000, 0x0000000100000000)
  eden space 65536K, 0% used [0x00000000f0000000,0x00000000f0000000,0x00000000f4000000)
  from space 10752K, 99% used [0x00000000f4000000,0x00000000f4a7e030,0x00000000f4a80000)
  to   space 10752K, 0% used [0x00000000f8a80000,0x00000000f8a80000,0x00000000f9500000)
 ParOldGen       total 175104K, used 7576K [0x00000000d0000000, 0x00000000dab00000, 0x00000000f0000000)
  object space 175104K, 4% used [0x00000000d0000000,0x00000000d07662f8,0x00000000dab00000)
 Metaspace       used 16147K, capacity 16496K, committed 16640K, reserved 1064960K
  class space    used 1926K, capacity 2018K, committed 2048K, reserved 1048576K
}
Event: 5.485 GC heap before
{Heap before GC invocations=4 (full 0):
 PSYoungGen      total 76288K, used 76280K [0x00000000f0000000, 0x00000000f9500000, 0x0000000100000000)
  eden space 65536K, 100% used [0x00000000f0000000,0x00000000f4000000,0x00000000f4000000)
  from space 10752K, 99% used [0x00000000f4000000,0x00000000f4a7e030,0x00000000f4a80000)
  to   space 10752K, 0% used [0x00000000f8a80000,0x00000000f8a80000,0x00000000f9500000)
 ParOldGen       total 175104K, used 7576K [0x00000000d0000000, 0x00000000dab00000, 0x00000000f0000000)
  object space 175104K, 4% used [0x00000000d0000000,0x00000000d07662f8,0x00000000dab00000)
 Metaspace       used 16658K, capacity 17040K, committed 17280K, reserved 1064960K
  class space    used 1942K, capacity 2050K, committed 2176K, reserved 1048576K
Event: 5.512 GC heap after
Heap after GC invocations=4 (full 0):
 PSYoungGen      total 141824K, used 10728K [0x00000000f0000000, 0x00000000f9500000, 0x0000000100000000)
  eden space 131072K, 0% used [0x00000000f0000000,0x00000000f0000000,0x00000000f8000000)
  from space 10752K, 99% used [0x00000000f8a80000,0x00000000f94fa080,0x00000000f9500000)
  to   space 10752K, 0% used [0x00000000f8000000,0x00000000f8000000,0x00000000f8a80000)
 ParOldGen       total 175104K, used 13228K [0x00000000d0000000, 0x00000000dab00000, 0x00000000f0000000)
  object space 175104K, 7% used [0x00000000d0000000,0x00000000d0ceb2b0,0x00000000dab00000)
 Metaspace       used 16658K, capacity 17040K, committed 17280K, reserved 1064960K
  class space    used 1942K, capacity 2050K, committed 2176K, reserved 1048576K
}
Event: 6.239 GC heap before
{Heap before GC invocations=5 (full 0):
 PSYoungGen      total 141824K, used 60364K [0x00000000f0000000, 0x00000000f9500000, 0x0000000100000000)
  eden space 131072K, 37% used [0x00000000f0000000,0x00000000f3079278,0x00000000f8000000)
  from space 10752K, 99% used [0x00000000f8a80000,0x00000000f94fa080,0x00000000f9500000)
  to   space 10752K, 0% used [0x00000000f8000000,0x00000000f8000000,0x00000000f8a80000)
 ParOldGen       total 175104K, used 13228K [0x00000000d0000000, 0x00000000dab00000, 0x00000000f0000000)
  object space 175104K, 7% used [0x00000000d0000000,0x00000000d0ceb2b0,0x00000000dab00000)
 Metaspace       used 20636K, capacity 21076K, committed 21296K, reserved 1069056K
  class space    used 2463K, capacity 2588K, committed 2688K, reserved 1048576K
Event: 6.261 GC heap after
Heap after GC invocations=5 (full 0):
 PSYoungGen      total 141824K, used 10728K [0x00000000f0000000, 0x00000000f9500000, 0x0000000100000000)
  eden space 131072K, 0% used [0x00000000f0000000,0x00000000f0000000,0x00000000f8000000)
  from space 10752K, 99% used [0x00000000f8000000,0x00000000f8a7a030,0x00000000f8a80000)
  to   space 10752K, 0% used [0x00000000f8a80000,0x00000000f8a80000,0x00000000f9500000)
 ParOldGen       total 175104K, used 16989K [0x00000000d0000000, 0x00000000dab00000, 0x00000000f0000000)
  object space 175104K, 9% used [0x00000000d0000000,0x00000000d1097710,0x00000000dab00000)
 Metaspace       used 20636K, capacity 21076K, committed 21296K, reserved 1069056K
  class space    used 2463K, capacity 2588K, committed 2688K, reserved 1048576K
}
Event: 6.261 GC heap before
{Heap before GC invocations=6 (full 1):
 PSYoungGen      total 141824K, used 10728K [0x00000000f0000000, 0x00000000f9500000, 0x0000000100000000)
  eden space 131072K, 0% used [0x00000000f0000000,0x00000000f0000000,0x00000000f8000000)
  from space 10752K, 99% used [0x00000000f8000000,0x00000000f8a7a030,0x00000000f8a80000)
  to   space 10752K, 0% used [0x00000000f8a80000,0x00000000f8a80000,0x00000000f9500000)
 ParOldGen       total 175104K, used 16989K [0x00000000d0000000, 0x00000000dab00000, 0x00000000f0000000)
  object space 175104K, 9% used [0x00000000d0000000,0x00000000d1097710,0x00000000dab00000)
 Metaspace       used 20636K, capacity 21076K, committed 21296K, reserved 1069056K
  class space    used 2463K, capacity 2588K, committed 2688K, reserved 1048576K
Event: 6.420 GC heap after
Heap after GC invocations=6 (full 1):
 PSYoungGen      total 141824K, used 0K [0x00000000f0000000, 0x00000000f9500000, 0x0000000100000000)
  eden space 131072K, 0% used [0x00000000f0000000,0x00000000f0000000,0x00000000f8000000)
  from space 10752K, 0% used [0x00000000f8000000,0x00000000f8000000,0x00000000f8a80000)
  to   space 10752K, 0% used [0x00000000f8a80000,0x00000000f8a80000,0x00000000f9500000)
 ParOldGen       total 175104K, used 24257K [0x00000000d0000000, 0x00000000dab00000, 0x00000000f0000000)
  object space 175104K, 13% used [0x00000000d0000000,0x00000000d17b0530,0x00000000dab00000)
 Metaspace       used 20636K, capacity 21076K, committed 21296K, reserved 1069056K
  class space    used 2463K, capacity 2588K, committed 2688K, reserved 1048576K
}

Deoptimization events (10 events):
Event: 6.532 Thread 0x0000000002bc2800 Uncommon trap: reason=unstable_if action=reinterpret pc=0x000000000307dda4 method=java.util.jar.Manifest$FastInputStream.readLine([BII)I @ 87
Event: 6.616 Thread 0x0000000002bc2800 Uncommon trap: reason=unstable_if action=reinterpret pc=0x0000000002ec308c method=java.util.HashMap.putVal(ILjava/lang/Object;Ljava/lang/Object;ZZ)Ljava/lang/Object; @ 193
Event: 6.638 Thread 0x0000000002bc2800 Uncommon trap: reason=unstable_if action=reinterpret pc=0x000000000381ac40 method=java.nio.charset.CharsetDecoder.decode(Ljava/nio/ByteBuffer;Ljava/nio/CharBuffer;Z)Ljava/nio/charset/CoderResult; @ 1
Event: 6.677 Thread 0x0000000002bc2800 Uncommon trap: reason=unstable_if action=reinterpret pc=0x00000000035277a4 method=java.lang.CharacterDataLatin1.digit(II)I @ 60
Event: 6.680 Thread 0x0000000002bc2800 Uncommon trap: reason=unstable_if action=reinterpret pc=0x00000000032ccc3c method=java.lang.Character.isHighSurrogate(C)Z @ 3
Event: 6.681 Thread 0x0000000002bc2800 Uncommon trap: reason=unstable_if action=reinterpret pc=0x00000000034feb30 method=java.lang.CharacterData.of(I)Ljava/lang/CharacterData; @ 4
Event: 7.059 Thread 0x0000000002bc2800 Uncommon trap: reason=bimorphic action=maybe_recompile pc=0x0000000003184d1c method=java.lang.ClassLoader.loadClass(Ljava/lang/String;Z)Ljava/lang/Class; @ 38
Event: 7.061 Thread 0x0000000002bc2800 Uncommon trap: reason=bimorphic action=maybe_recompile pc=0x0000000003184d1c method=java.lang.ClassLoader.loadClass(Ljava/lang/String;Z)Ljava/lang/Class; @ 38
Event: 7.061 Thread 0x0000000002bc2800 Uncommon trap: reason=bimorphic action=maybe_recompile pc=0x0000000003184d1c method=java.lang.ClassLoader.loadClass(Ljava/lang/String;Z)Ljava/lang/Class; @ 38
Event: 7.061 Thread 0x0000000002bc2800 Uncommon trap: reason=bimorphic action=maybe_recompile pc=0x0000000003184d1c method=java.lang.ClassLoader.loadClass(Ljava/lang/String;Z)Ljava/lang/Class; @ 38

Classes redefined (0 events):
No events

Internal exceptions (10 events):
Event: 3.072 Thread 0x0000000002bc2800 Implicit null exception at 0x0000000003013396 to 0x0000000003013731
Event: 3.072 Thread 0x0000000002bc2800 Implicit null exception at 0x0000000002ee1994 to 0x0000000002ee1d49
Event: 3.322 Thread 0x0000000002bc2800 Implicit null exception at 0x0000000003301477 to 0x00000000033016c1
Event: 4.351 Thread 0x0000000002bc2800 Implicit null exception at 0x0000000003466ff7 to 0x0000000003467241
Event: 4.375 Thread 0x0000000002bc2800 Implicit null exception at 0x0000000003065a95 to 0x0000000003065c6d
Event: 4.375 Thread 0x0000000002bc2800 Implicit null exception at 0x000000000305ae2f to 0x000000000305ae99
Event: 4.682 Thread 0x0000000002bc2800 Implicit null exception at 0x000000000354c280 to 0x000000000354e789
Event: 6.024 Thread 0x0000000002bc2800 Exception <a 'java/lang/ClassNotFoundException': com/sun/tools/javac/api/JavacTool> (0x00000000f23ee290) thrown at [C:\re\workspace\8-2-build-windows-amd64-cygwin\jdk8u162\10278\hotspot\src\share\vm\classfile\systemDictionary.cpp, line 210]
Event: 6.807 Thread 0x0000000002bc2800 Exception <a 'java/io/FileNotFoundException'> (0x00000000f108d478) thrown at [C:\re\workspace\8-2-build-windows-amd64-cygwin\jdk8u162\10278\hotspot\src\share\vm\prims\jni.cpp, line 709]
Event: 6.811 Thread 0x0000000002bc2800 Exception <a 'java/io/FileNotFoundException'> (0x00000000f10c2800) thrown at [C:\re\workspace\8-2-build-windows-amd64-cygwin\jdk8u162\10278\hotspot\src\share\vm\prims\jni.cpp, line 709]

Events (10 events):
Event: 7.068 loading class java/util/WeakHashMap$EntryIterator
Event: 7.068 loading class java/util/WeakHashMap$HashIterator
Event: 7.068 loading class java/util/WeakHashMap$HashIterator done
Event: 7.068 loading class java/util/WeakHashMap$EntryIterator done
Event: 7.069 loading class java/util/jar/JarFile$JarEntryIterator
Event: 7.069 loading class java/util/jar/JarFile$JarEntryIterator done
Event: 7.069 loading class java/util/zip/ZipFile$ZipEntryIterator
Event: 7.069 loading class java/util/zip/ZipFile$ZipEntryIterator done
Event: 7.191 Thread 0x0000000002bc2800 DEOPT PACKING pc=0x000000000396f817 sp=0x0000000002a0b3c0
Event: 7.191 Thread 0x0000000002bc2800 DEOPT UNPACKING pc=0x0000000002d07890 sp=0x0000000002a0b0f8 mode 0


Dynamic libraries:
0x00007ff6824d0000 - 0x00007ff682507000 	E:\DevelopmentTool\jdk1.8\bin\java.exe
0x00007ff8dcc00000 - 0x00007ff8dcdf0000 	C:\WINDOWS\SYSTEM32\ntdll.dll
0x00007ff8dc650000 - 0x00007ff8dc702000 	C:\WINDOWS\System32\KERNEL32.DLL
0x00007ff8d9f30000 - 0x00007ff8da1d4000 	C:\WINDOWS\System32\KERNELBASE.dll
0x00007ff8d7830000 - 0x00007ff8d78bf000 	C:\WINDOWS\SYSTEM32\apphelp.dll
0x00007ff8dc380000 - 0x00007ff8dc423000 	C:\WINDOWS\System32\ADVAPI32.dll
0x00007ff8dcb20000 - 0x00007ff8dcbbe000 	C:\WINDOWS\System32\msvcrt.dll
0x00007ff8dc040000 - 0x00007ff8dc0d7000 	C:\WINDOWS\System32\sechost.dll
0x00007ff8dc430000 - 0x00007ff8dc550000 	C:\WINDOWS\System32\RPCRT4.dll
0x00007ff8dbdb0000 - 0x00007ff8dbf45000 	C:\WINDOWS\System32\USER32.dll
0x00007ff8d9dd0000 - 0x00007ff8d9df1000 	C:\WINDOWS\System32\win32u.dll
0x00007ff8dbd00000 - 0x00007ff8dbd26000 	C:\WINDOWS\System32\GDI32.dll
0x00007ff8da300000 - 0x00007ff8da496000 	C:\WINDOWS\System32\gdi32full.dll
0x00007ff8da260000 - 0x00007ff8da2fe000 	C:\WINDOWS\System32\msvcp_win.dll
0x00007ff8d9b80000 - 0x00007ff8d9c7a000 	C:\WINDOWS\System32\ucrtbase.dll
0x00007ff8c8ba0000 - 0x00007ff8c8e24000 	C:\WINDOWS\WinSxS\amd64_microsoft.windows.common-controls_6595b64144ccf1df_6.0.18362.1016_none_9e7a36bbe461dae4\COMCTL32.dll
0x00007ff8dc710000 - 0x00007ff8dca45000 	C:\WINDOWS\System32\combase.dll
0x00007ff8da1e0000 - 0x00007ff8da260000 	C:\WINDOWS\System32\bcryptPrimitives.dll
0x00007ff8dc620000 - 0x00007ff8dc64e000 	C:\WINDOWS\System32\IMM32.DLL
0x000000005e760000 - 0x000000005e831000 	E:\DevelopmentTool\jdk1.8\jre\bin\msvcr100.dll
0x000000005dec0000 - 0x000000005e760000 	E:\DevelopmentTool\jdk1.8\jre\bin\server\jvm.dll
0x00007ff8dbf50000 - 0x00007ff8dbf58000 	C:\WINDOWS\System32\PSAPI.DLL
0x00007ff8c53b0000 - 0x00007ff8c53b9000 	C:\WINDOWS\SYSTEM32\WSOCK32.dll
0x00007ff8d5da0000 - 0x00007ff8d5dc4000 	C:\WINDOWS\SYSTEM32\WINMM.dll
0x00007ff8dc550000 - 0x00007ff8dc5bf000 	C:\WINDOWS\System32\WS2_32.dll
0x00007ff8d2760000 - 0x00007ff8d276a000 	C:\WINDOWS\SYSTEM32\VERSION.dll
0x00007ff8d5cc0000 - 0x00007ff8d5ced000 	C:\WINDOWS\SYSTEM32\WINMMBASE.dll
0x00007ff8dac60000 - 0x00007ff8dacaa000 	C:\WINDOWS\System32\cfgmgr32.dll
0x000000005deb0000 - 0x000000005debf000 	E:\DevelopmentTool\jdk1.8\jre\bin\verify.dll
0x000000005de80000 - 0x000000005dea9000 	E:\DevelopmentTool\jdk1.8\jre\bin\java.dll
0x000000005f650000 - 0x000000005f673000 	E:\DevelopmentTool\jdk1.8\jre\bin\instrument.dll
0x000000005de60000 - 0x000000005de76000 	E:\DevelopmentTool\jdk1.8\jre\bin\zip.dll
0x00007ff8dacb0000 - 0x00007ff8db397000 	C:\WINDOWS\System32\SHELL32.dll
0x00007ff8db500000 - 0x00007ff8db5a9000 	C:\WINDOWS\System32\shcore.dll
0x00007ff8da4d0000 - 0x00007ff8dac52000 	C:\WINDOWS\System32\windows.storage.dll
0x00007ff8d9b30000 - 0x00007ff8d9b53000 	C:\WINDOWS\System32\profapi.dll
0x00007ff8d9ac0000 - 0x00007ff8d9b0a000 	C:\WINDOWS\System32\powrprof.dll
0x00007ff8d9ab0000 - 0x00007ff8d9ac0000 	C:\WINDOWS\System32\UMPDC.dll
0x00007ff8dbfe0000 - 0x00007ff8dc032000 	C:\WINDOWS\System32\shlwapi.dll
0x00007ff8d9b60000 - 0x00007ff8d9b71000 	C:\WINDOWS\System32\kernel.appcore.dll
0x00007ff8d9eb0000 - 0x00007ff8d9ec7000 	C:\WINDOWS\System32\cryptsp.dll
0x00007ff8d2b00000 - 0x00007ff8d2b1a000 	E:\DevelopmentTool\IntelliJ IDEA Community Edition 2018.1.4\bin\breakgen64.dll
0x000000005de40000 - 0x000000005de5a000 	E:\DevelopmentTool\jdk1.8\jre\bin\net.dll
0x00007ff8d9310000 - 0x00007ff8d9377000 	C:\WINDOWS\system32\mswsock.dll
0x00007ff8d8e80000 - 0x00007ff8d8eb3000 	C:\WINDOWS\system32\rsaenh.dll
0x00007ff8da4a0000 - 0x00007ff8da4c6000 	C:\WINDOWS\System32\bcrypt.dll
0x00007ff8d99d0000 - 0x00007ff8d99f5000 	C:\WINDOWS\SYSTEM32\USERENV.dll
0x00007ff8d94e0000 - 0x00007ff8d94ec000 	C:\WINDOWS\SYSTEM32\CRYPTBASE.dll
0x00007ff8d9020000 - 0x00007ff8d905a000 	C:\WINDOWS\SYSTEM32\IPHLPAPI.DLL
0x00007ff8dc1b0000 - 0x00007ff8dc1b8000 	C:\WINDOWS\System32\NSI.dll
0x00007ff8d1390000 - 0x00007ff8d13a6000 	C:\WINDOWS\SYSTEM32\dhcpcsvc6.DLL
0x00007ff8d14a0000 - 0x00007ff8d14bc000 	C:\WINDOWS\SYSTEM32\dhcpcsvc.DLL
0x00007ff8d9060000 - 0x00007ff8d912b000 	C:\WINDOWS\SYSTEM32\DNSAPI.dll
0x000000005de20000 - 0x000000005de31000 	E:\DevelopmentTool\jdk1.8\jre\bin\nio.dll
0x00007ff8d2a80000 - 0x00007ff8d2a8a000 	C:\Users\ZERO\AppData\Local\Temp\jansi-1.17.1-8179873499121423307.dll
0x00007ff8d2a50000 - 0x00007ff8d2a5a000 	C:\Users\ZERO\AppData\Local\Temp\jansi-1.17.1-1237301676634738397.dll

VM Arguments:
jvm_args: -Dmaven.multiModuleProjectDirectory=W:\hejiayun\CommubityCoud\common -Xms256m -Xmx768m -Dmaven.home=E:\DevelopmentTool\apache-maven-3.6.0 -Dclassworlds.conf=E:\DevelopmentTool\apache-maven-3.6.0\bin\m2.conf -javaagent:E:\DevelopmentTool\IntelliJ IDEA Community Edition 2018.1.4\lib\idea_rt.jar=51861:E:\DevelopmentTool\IntelliJ IDEA Community Edition 2018.1.4\bin -Dfile.encoding=UTF-8 
java_command: org.codehaus.classworlds.Launcher -Didea.version=2018.1.4 -s E:\DevelopmentTool\apache-maven-3.6.0\conf\settings.xml install -f pom.xml
java_class_path (initial): E:\DevelopmentTool\apache-maven-3.6.0\boot\plexus-classworlds-2.5.2.jar;E:\DevelopmentTool\IntelliJ IDEA Community Edition 2018.1.4\lib\idea_rt.jar
Launcher Type: SUN_STANDARD

Environment Variables:
JAVA_HOME=E:\DevelopmentTool\jdk1.8
CLASSPATH=.;E:\DevelopmentTool\jdk1.8\lib\dt.jar;E:\DevelopmentTool\jdk1.8\lib\tools.jar
PATH=C:\Python38\Scripts\;C:\Python38\;E:\DevelopmentTool\Databases\product\12.2.0\dbhome_1\bin;E:\DevelopmentTool\Databases\product\12.2.0\dbhome_2\bin;E:\DevelopmentTool\Xshell 6\;D:\Miusc\blackBerry_utils\CommandLineTools_2.0.6.201409181326-windows\BlackBerry Tools for Android Development\bin;E:\DevelopmentTool\apache-maven-3.6.0\bin;%ANDROID_SDK_HOME%\platform-tools;%ANDROID_SDK_HOME%\tools;E:\DevelopmentTool\jdk1.8\bin;%JRE_HOME%\bin;E:\DevelopmentTool\jdk1.8\jre\bin;C:\Program Files (x86)\Common Files\Oracle\Java\javapath;C:\ProgramData\Oracle\Java\javapath;C:\WINDOWS\system32;C:\WINDOWS;C:\WINDOWS\System32\Wbem;C:\WINDOWS\System32\WindowsPowerShell\v1.0\;E:\DevelopmentTool\mysql-5.7.21-winx64\bin;E:\DevelopmentTool\node-v8.9.3;E:\DevelopmentTool\apache-tomcat-7.0.85\bin;E:\DevelopmentTool\Git\cmd;E:\DevelopmentTool\Git\bin;E:\DevelopmentTool\gradle-4.7-all\gradle-4.7\bin;E:\DevelopmentTool\Git\HOME;%M2_PATH%\conf\settings.xml;C:\Program Files (x86)\ATI Technologies\ATI.ACE\Core-Static;C:\WINDOWS\System32\OpenSSH\;E:\DevelopmentTool\gradle-4.7-all\gradle-4.7\bin;E:\DevelopmentTool\nodejs\;C:\ProgramData\chocolatey\bin;C:\Users\ZERO\AppData\Local\Microsoft\WindowsApps;E:\DevelopmentTool\pycharm\PyCharm 2019.1.3\bin;C:\Users\ZERO\AppData\Roaming\npm
USERNAME=ZERO
OS=Windows_NT
PROCESSOR_IDENTIFIER=Intel64 Family 6 Model 78 Stepping 3, GenuineIntel



---------------  S Y S T E M  ---------------

OS: Windows 10.0 , 64 bit Build 18362 (10.0.18362.959)

CPU:total 4 (initial active 4) (2 cores per cpu, 2 threads per core) family 6 model 78 stepping 3, cmov, cx8, fxsr, mmx, sse, sse2, sse3, ssse3, sse4.1, sse4.2, popcnt, avx, avx2, aes, clmul, erms, 3dnowpref, lzcnt, ht, tsc, tscinvbit, bmi1, bmi2, adx

Memory: 4k page, physical 8266144k(1011156k free), swap 13947164k(2800k free)

vm_info: Java HotSpot(TM) 64-Bit Server VM (25.162-b12) for windows-amd64 JRE (1.8.0_162-b12), built on Dec 19 2017 20:00:03 by "java_re" with MS VC++ 10.0 (VS2010)

time: Sat Sep 05 02:31:17 2020
elapsed time: 7 seconds (0d 0h 0m 7s)

